<?xml version="1.0" encoding="UTF-8"?>
<!-- Generated by org.testng.reporters.JUnitReportReporter -->
<testsuite hostname="192.168.0.110" name="org.jpwh.test.simple.ModelOperations" tests="1" failures="0" timestamp="1 Apr 2018 10:20:34 GMT" time="0.326" errors="0">
  <testcase name="validateItem" time="0.326" classname="org.jpwh.test.simple.ModelOperations"/>
</testsuite> <!-- org.jpwh.test.simple.ModelOperations -->
